<?xml version="1.0" encoding="UTF-8"?>
<testsuite xmlns:xsi="http://www.w3.org/2001/XMLSchema-instance" xsi:noNamespaceSchemaLocation="https://maven.apache.org/surefire/maven-surefire-plugin/xsd/surefire-test-report.xsd" name="nttdata.com.controller.CreditControllerTest" time="0.719" tests="4" errors="0" skipped="0" failures="0">
  <properties>
[...]
</properties>
  <testcase name="testGetPaymentsByCreditId" classname="nttdata.com.controller.CreditControllerTest" time="0.602"/>
  <testcase name="testAddPayment" classname="nttdata.com.controller.CreditControllerTest" time="0.08"/>
  <testcase name="testFindCreditById" classname="nttdata.com.controller.CreditControllerTest" time="0.002"/>
  <testcase name="testCreateCredit" classname="nttdata.com.controller.CreditControllerTest" time="0.022"/>
</testsuite>