<?xml version="1.0" encoding="UTF-8"?>
<testsuite xmlns:xsi="http://www.w3.org/2001/XMLSchema-instance" xsi:noNamespaceSchemaLocation="https://maven.apache.org/surefire/maven-surefire-plugin/xsd/surefire-test-report.xsd" name="nttdata.com.controller.CustomerControllerTest" time="0.022" tests="4" errors="0" skipped="0" failures="0">
  <properties>
[...]
</properties>
  <testcase name="testGetCustomerById" classname="nttdata.com.controller.CustomerControllerTest" time="0.014"/>
  <testcase name="testUpdateCustomer" classname="nttdata.com.controller.CustomerControllerTest" time="0.002"/>
  <testcase name="testCreateCustomer" classname="nttdata.com.controller.CustomerControllerTest" time="0.001"/>
  <testcase name="testAddAccountToCustomer" classname="nttdata.com.controller.CustomerControllerTest" time="0.003"/>
</testsuite>